<?xml version="1.0" encoding="UTF-8"?>
<!-- Generated by org.testng.reporters.JUnitXMLReporter -->
<testsuite hostname="BG-DEV19-LT" ignored="0" name="Test" tests="15" failures="7" timestamp="13 Sep 2019 20:41:40 GMT" time="218.772" errors="0">
  <testcase name="verifyingTheUrlAndSectionMitOrderPage" time="10.95" classname="com.baylorgenetics.cataglog_qa.testcases.VerifyingMitochondrialOrderPageAndSections">
    <failure type="java.lang.NoClassDefFoundError" message="com/baylorgenetics/catalog_qa/pages/allPanels">
      <![CDATA[java.lang.NoClassDefFoundError: com/baylorgenetics/catalog_qa/pages/allPanels
at com.baylorgenetics.cataglog_qa.testcases.VerifyingMitochondrialOrderPageAndSections.verifyingTheUrlAndSectionMitOrderPage(VerifyingMitochondrialOrderPageAndSections.java:28)
Caused by: java.lang.ClassNotFoundException: com.baylorgenetics.catalog_qa.pages.allPanels
at java.net.URLClassLoader.findClass(Unknown Source)
at java.lang.ClassLoader.loadClass(Unknown Source)
at sun.misc.Launcher$AppClassLoader.loadClass(Unknown Source)
at java.lang.ClassLoader.loadClass(Unknown Source)
... 25 more
... Removed 24 stack frames]]>
    </failure>
  </testcase> <!-- verifyingTheUrlAndSectionMitOrderPage -->
  <testcase name="VerifyGeneAwaresPreqPDF" time="3.414" classname="com.baylorgenetics.cataglog_qa.testcases.GeneAwaresDownloadAndVerifyThePdf">
    <failure type="java.lang.NoClassDefFoundError" message="org/junit/Assert">
      <![CDATA[java.lang.NoClassDefFoundError: org/junit/Assert
at com.baylorgenetics.cataglog_qa.testcases.GeneAwaresDownloadAndVerifyThePdf.VerifyGeneAwaresPreqPDF(GeneAwaresDownloadAndVerifyThePdf.java:33)
Caused by: java.lang.ClassNotFoundException: org.junit.Assert
at java.net.URLClassLoader.findClass(Unknown Source)
at java.lang.ClassLoader.loadClass(Unknown Source)
at sun.misc.Launcher$AppClassLoader.loadClass(Unknown Source)
at java.lang.ClassLoader.loadClass(Unknown Source)
... 25 more
... Removed 24 stack frames]]>
    </failure>
  </testcase> <!-- VerifyGeneAwaresPreqPDF -->
  <testcase name="ValidateEthnicityDropdown" time="16.384" classname="com.baylorgenetics.cataglog_qa.testcases.EthnicityDropdownSelectAfricanAmericanValueOrderpage"/>
  <testcase name="logInChrome" time="39.387" classname="com.baylorgenetics.cataglog_qa.testcases.LoginChrome">
    <failure type="org.openqa.selenium.NoSuchElementException" message="no such element: Unable to locate element: {&amp;quot;method&amp;quot;:&amp;quot;link text&amp;quot;,&amp;quot;selector&amp;quot;:&amp;quot;Global Metabolomic Assisted Pathway Screen (Global MAPS)�&amp;quot;}
  (Session info: chrome=76.0.3809.132)
For documentation on this error, please visit: https://www.seleniumhq.org/exceptions/no_such_element.html
Build info: version: &amp;apos;3.141.59&amp;apos;, revision: &amp;apos;e82be7d358&amp;apos;, time: &amp;apos;2018-11-14T08:25:53&amp;apos;
System info: host: &amp;apos;BG-DEV19-LT&amp;apos;, ip: &amp;apos;10.27.3.207&amp;apos;, os.name: &amp;apos;Windows 10&amp;apos;, os.arch: &amp;apos;amd64&amp;apos;, os.version: &amp;apos;10.0&amp;apos;, java.version: &amp;apos;1.8.0_221&amp;apos;
Driver info: org.openqa.selenium.chrome.ChromeDriver
Capabilities {acceptInsecureCerts: false, browserName: chrome, browserVersion: 76.0.3809.132, chrome: {chromedriverVersion: 75.0.3770.140 (2d9f97485c7b..., userDataDir: C:\Users\atd0623\AppData\Lo...}, goog:chromeOptions: {debuggerAddress: localhost:58320}, javascriptEnabled: true, networkConnectionEnabled: false, pageLoadStrategy: normal, platform: XP, platformName: XP, proxy: Proxy(), setWindowRect: true, strictFileInteractability: false, timeouts: {implicit: 0, pageLoad: 300000, script: 30000}, unhandledPromptBehavior: dismiss and notify}
Session ID: fa455076edf12bab855eb51fb29a813e
*** Element info: {Using=link text, value=Global Metabolomic Assisted Pathway Screen (Global MAPS)�}">
      <![CDATA[org.openqa.selenium.NoSuchElementException: no such element: Unable to locate element: {"method":"link text","selector":"Global Metabolomic Assisted Pathway Screen (Global MAPS)�"}
  (Session info: chrome=76.0.3809.132)
For documentation on this error, please visit: https://www.seleniumhq.org/exceptions/no_such_element.html
Build info: version: '3.141.59', revision: 'e82be7d358', time: '2018-11-14T08:25:53'
System info: host: 'BG-DEV19-LT', ip: '10.27.3.207', os.name: 'Windows 10', os.arch: 'amd64', os.version: '10.0', java.version: '1.8.0_221'
Driver info: org.openqa.selenium.chrome.ChromeDriver
Capabilities {acceptInsecureCerts: false, browserName: chrome, browserVersion: 76.0.3809.132, chrome: {chromedriverVersion: 75.0.3770.140 (2d9f97485c7b..., userDataDir: C:\Users\atd0623\AppData\Lo...}, goog:chromeOptions: {debuggerAddress: localhost:58320}, javascriptEnabled: true, networkConnectionEnabled: false, pageLoadStrategy: normal, platform: XP, platformName: XP, proxy: Proxy(), setWindowRect: true, strictFileInteractability: false, timeouts: {implicit: 0, pageLoad: 300000, script: 30000}, unhandledPromptBehavior: dismiss and notify}
Session ID: fa455076edf12bab855eb51fb29a813e
*** Element info: {Using=link text, value=Global Metabolomic Assisted Pathway Screen (Global MAPS)�}
at org.openqa.selenium.remote.http.W3CHttpResponseCodec.createException(W3CHttpResponseCodec.java:187)
at org.openqa.selenium.remote.http.W3CHttpResponseCodec.decode(W3CHttpResponseCodec.java:122)
at org.openqa.selenium.remote.http.W3CHttpResponseCodec.decode(W3CHttpResponseCodec.java:49)
at org.openqa.selenium.remote.HttpCommandExecutor.execute(HttpCommandExecutor.java:158)
at org.openqa.selenium.remote.service.DriverCommandExecutor.execute(DriverCommandExecutor.java:83)
at org.openqa.selenium.remote.RemoteWebDriver.execute(RemoteWebDriver.java:552)
at org.openqa.selenium.remote.RemoteWebDriver.findElement(RemoteWebDriver.java:323)
at org.openqa.selenium.remote.RemoteWebDriver.findElementByLinkText(RemoteWebDriver.java:380)
at org.openqa.selenium.By$ByLinkText.findElement(By.java:220)
at org.openqa.selenium.remote.RemoteWebDriver.findElement(RemoteWebDriver.java:315)
at com.baylorgenetics.cataglog_qa.testcases.LoginChrome.logInChrome(LoginChrome.java:89)
... Removed 28 stack frames]]>
    </failure>
  </testcase> <!-- logInChrome -->
  <testcase name="female" time="0.001" classname="com.baylorgenetics.cataglog_qa.testcases.FemalePatientInfomation">
    <failure type="java.lang.NoClassDefFoundError" message="com/baylorgenetics/catalog_qa/pages/GenerateData">
      <![CDATA[java.lang.NoClassDefFoundError: com/baylorgenetics/catalog_qa/pages/GenerateData
at com.baylorgenetics.cataglog_qa.testcases.FemalePatientInfomation.female(FemalePatientInfomation.java:30)
Caused by: java.lang.ClassNotFoundException: com.baylorgenetics.catalog_qa.pages.GenerateData
at java.net.URLClassLoader.findClass(Unknown Source)
at java.lang.ClassLoader.loadClass(Unknown Source)
at sun.misc.Launcher$AppClassLoader.loadClass(Unknown Source)
at java.lang.ClassLoader.loadClass(Unknown Source)
... 25 more
... Removed 24 stack frames]]>
    </failure>
  </testcase> <!-- female -->
  <testcase name="NegativeNoSearchResultsFound" time="18.201" classname="com.baylorgenetics.cataglog_qa.testcases.NegativeInvalidKeyword"/>
  <testcase name="additionalRecipients" time="0.0" classname="com.baylorgenetics.cataglog_qa.testcases.AddingMoreThanOneAdditionalRecipients">
    <failure type="java.lang.NoClassDefFoundError" message="com/baylorgenetics/catalog_qa/pages/GenerateData">
      <![CDATA[java.lang.NoClassDefFoundError: com/baylorgenetics/catalog_qa/pages/GenerateData
at com.baylorgenetics.cataglog_qa.testcases.AddingMoreThanOneAdditionalRecipients.additionalRecipients(AddingMoreThanOneAdditionalRecipients.java:28)
Caused by: java.lang.ClassNotFoundException: com.baylorgenetics.catalog_qa.pages.GenerateData
at java.net.URLClassLoader.findClass(Unknown Source)
at java.lang.ClassLoader.loadClass(Unknown Source)
at sun.misc.Launcher$AppClassLoader.loadClass(Unknown Source)
at java.lang.ClassLoader.loadClass(Unknown Source)
... 25 more
... Removed 24 stack frames]]>
    </failure>
  </testcase> <!-- additionalRecipients -->
  <testcase name="yesPregnantLmp" time="17.514" classname="com.baylorgenetics.cataglog_qa.testcases.GestationalInfoYesPregLMP"/>
  <testcase name="validateValueinUrl" time="16.861" classname="com.baylorgenetics.cataglog_qa.testcases.ValidatingTheSearchValueInURL"/>
  <testcase name="ValidateAshkenaziJewishInDropdown" time="12.466" classname="com.baylorgenetics.cataglog_qa.testcases.EthnicityDropdownSelectAshkenaziJewishValueOrderpage"/>
  <testcase name="ValidateEastAsianInDropdown" time="13.384" classname="com.baylorgenetics.cataglog_qa.testcases.EthnicityDropdownSelectEastAsianValueOrderpage"/>
  <testcase name="logInFireFox" time="32.937" classname="com.baylorgenetics.cataglog_qa.testcases.LogInFireFox">
    <failure type="org.openqa.selenium.NoSuchElementException" message="Unable to locate element: Global Metabolomic Assisted Pathway Screen (Global MAPS)�
For documentation on this error, please visit: https://www.seleniumhq.org/exceptions/no_such_element.html
Build info: version: &amp;apos;3.141.59&amp;apos;, revision: &amp;apos;e82be7d358&amp;apos;, time: &amp;apos;2018-11-14T08:25:53&amp;apos;
System info: host: &amp;apos;BG-DEV19-LT&amp;apos;, ip: &amp;apos;10.27.3.207&amp;apos;, os.name: &amp;apos;Windows 10&amp;apos;, os.arch: &amp;apos;amd64&amp;apos;, os.version: &amp;apos;10.0&amp;apos;, java.version: &amp;apos;1.8.0_221&amp;apos;
Driver info: org.openqa.selenium.firefox.FirefoxDriver
Capabilities {acceptInsecureCerts: true, browserName: firefox, browserVersion: 68.0.2, javascriptEnabled: true, moz:accessibilityChecks: false, moz:buildID: 20190813150448, moz:geckodriverVersion: 0.24.0, moz:headless: false, moz:processID: 36372, moz:profile: C:\Users\atd0623\AppData\Lo..., moz:shutdownTimeout: 60000, moz:useNonSpecCompliantPointerOrigin: false, moz:webdriverClick: true, pageLoadStrategy: normal, platform: WINDOWS, platformName: WINDOWS, platformVersion: 10.0, rotatable: false, setWindowRect: true, strictFileInteractability: false, timeouts: {implicit: 0, pageLoad: 300000, script: 30000}, unhandledPromptBehavior: dismiss and notify}
Session ID: befbeb8b-d73e-4b76-b827-35bf4778b785
*** Element info: {Using=link text, value=Global Metabolomic Assisted Pathway Screen (Global MAPS)�}">
      <![CDATA[org.openqa.selenium.NoSuchElementException: Unable to locate element: Global Metabolomic Assisted Pathway Screen (Global MAPS)�
For documentation on this error, please visit: https://www.seleniumhq.org/exceptions/no_such_element.html
Build info: version: '3.141.59', revision: 'e82be7d358', time: '2018-11-14T08:25:53'
System info: host: 'BG-DEV19-LT', ip: '10.27.3.207', os.name: 'Windows 10', os.arch: 'amd64', os.version: '10.0', java.version: '1.8.0_221'
Driver info: org.openqa.selenium.firefox.FirefoxDriver
Capabilities {acceptInsecureCerts: true, browserName: firefox, browserVersion: 68.0.2, javascriptEnabled: true, moz:accessibilityChecks: false, moz:buildID: 20190813150448, moz:geckodriverVersion: 0.24.0, moz:headless: false, moz:processID: 36372, moz:profile: C:\Users\atd0623\AppData\Lo..., moz:shutdownTimeout: 60000, moz:useNonSpecCompliantPointerOrigin: false, moz:webdriverClick: true, pageLoadStrategy: normal, platform: WINDOWS, platformName: WINDOWS, platformVersion: 10.0, rotatable: false, setWindowRect: true, strictFileInteractability: false, timeouts: {implicit: 0, pageLoad: 300000, script: 30000}, unhandledPromptBehavior: dismiss and notify}
Session ID: befbeb8b-d73e-4b76-b827-35bf4778b785
*** Element info: {Using=link text, value=Global Metabolomic Assisted Pathway Screen (Global MAPS)�}
at org.openqa.selenium.remote.http.W3CHttpResponseCodec.createException(W3CHttpResponseCodec.java:187)
at org.openqa.selenium.remote.http.W3CHttpResponseCodec.decode(W3CHttpResponseCodec.java:122)
at org.openqa.selenium.remote.http.W3CHttpResponseCodec.decode(W3CHttpResponseCodec.java:49)
at org.openqa.selenium.remote.HttpCommandExecutor.execute(HttpCommandExecutor.java:158)
at org.openqa.selenium.remote.service.DriverCommandExecutor.execute(DriverCommandExecutor.java:83)
at org.openqa.selenium.remote.RemoteWebDriver.execute(RemoteWebDriver.java:552)
at org.openqa.selenium.remote.RemoteWebDriver.findElement(RemoteWebDriver.java:323)
at org.openqa.selenium.remote.RemoteWebDriver.findElementByLinkText(RemoteWebDriver.java:380)
at org.openqa.selenium.By$ByLinkText.findElement(By.java:220)
at org.openqa.selenium.remote.RemoteWebDriver.findElement(RemoteWebDriver.java:315)
at com.baylorgenetics.cataglog_qa.testcases.LogInFireFox.logInFireFox(LogInFireFox.java:85)
... Removed 28 stack frames]]>
    </failure>
  </testcase> <!-- logInFireFox -->
  <testcase name="yesPregnantUltraDate" time="21.93" classname="com.baylorgenetics.cataglog_qa.testcases.GestationalInfoYesPregUltraDate"/>
  <testcase name="ValidateOtherInDropdown" time="15.309" classname="com.baylorgenetics.cataglog_qa.testcases.EthnicityDropdownSelectOtherValueORderpage"/>
  <testcase name="male" time="0.001" classname="com.baylorgenetics.cataglog_qa.testcases.MalePatientInformation">
    <failure type="java.lang.NoClassDefFoundError" message="com/baylorgenetics/catalog_qa/pages/GenerateData">
      <![CDATA[java.lang.NoClassDefFoundError: com/baylorgenetics/catalog_qa/pages/GenerateData
at com.baylorgenetics.cataglog_qa.testcases.MalePatientInformation.male(MalePatientInformation.java:30)
Caused by: java.lang.ClassNotFoundException: com.baylorgenetics.catalog_qa.pages.GenerateData
at java.net.URLClassLoader.findClass(Unknown Source)
at java.lang.ClassLoader.loadClass(Unknown Source)
at sun.misc.Launcher$AppClassLoader.loadClass(Unknown Source)
at java.lang.ClassLoader.loadClass(Unknown Source)
... 25 more
... Removed 24 stack frames]]>
    </failure>
  </testcase> <!-- male -->
</testsuite> <!-- Test -->
